c:\dev\students\ch18\thomas.wilson\prog2\fieagameengine\build\obj\library.desktop\x64\release\library.desktop.pch
c:\dev\students\ch18\thomas.wilson\prog2\fieagameengine\build\bin\library.desktop\x64\release\library.desktop.pdb
c:\dev\students\ch18\thomas.wilson\prog2\fieagameengine\build\obj\library.desktop\x64\release\pch.obj
c:\dev\students\ch18\thomas.wilson\prog2\fieagameengine\build\obj\library.desktop\x64\release\typeregistry.obj
c:\dev\students\ch18\thomas.wilson\prog2\fieagameengine\build\obj\library.desktop\x64\release\scope.obj
c:\dev\students\ch18\thomas.wilson\prog2\fieagameengine\build\obj\library.desktop\x64\release\jsontableparsehelper.obj
c:\dev\students\ch18\thomas.wilson\prog2\fieagameengine\build\obj\library.desktop\x64\release\jsonparsecoordinator.obj
c:\dev\students\ch18\thomas.wilson\prog2\fieagameengine\build\obj\library.desktop\x64\release\ijsonparsehelper.obj
c:\dev\students\ch18\thomas.wilson\prog2\fieagameengine\build\obj\library.desktop\x64\release\gametime.obj
c:\dev\students\ch18\thomas.wilson\prog2\fieagameengine\build\obj\library.desktop\x64\release\gamestate.obj
c:\dev\students\ch18\thomas.wilson\prog2\fieagameengine\build\obj\library.desktop\x64\release\gameobject.obj
c:\dev\students\ch18\thomas.wilson\prog2\fieagameengine\build\obj\library.desktop\x64\release\gameclock.obj
c:\dev\students\ch18\thomas.wilson\prog2\fieagameengine\build\obj\library.desktop\x64\release\eventsubscriber.obj
c:\dev\students\ch18\thomas.wilson\prog2\fieagameengine\build\obj\library.desktop\x64\release\eventqueue.obj
c:\dev\students\ch18\thomas.wilson\prog2\fieagameengine\build\obj\library.desktop\x64\release\eventpublisher.obj
c:\dev\students\ch18\thomas.wilson\prog2\fieagameengine\build\obj\library.desktop\x64\release\datum.obj
c:\dev\students\ch18\thomas.wilson\prog2\fieagameengine\build\obj\library.desktop\x64\release\attributed.obj
c:\dev\students\ch18\thomas.wilson\prog2\fieagameengine\build\obj\library.desktop\x64\release\actionlistif.obj
c:\dev\students\ch18\thomas.wilson\prog2\fieagameengine\build\obj\library.desktop\x64\release\actionlist.obj
c:\dev\students\ch18\thomas.wilson\prog2\fieagameengine\build\obj\library.desktop\x64\release\actionincrement.obj
c:\dev\students\ch18\thomas.wilson\prog2\fieagameengine\build\obj\library.desktop\x64\release\actiondestroyaction.obj
c:\dev\students\ch18\thomas.wilson\prog2\fieagameengine\build\obj\library.desktop\x64\release\actioncreateaction.obj
c:\dev\students\ch18\thomas.wilson\prog2\fieagameengine\build\obj\library.desktop\x64\release\action.obj
c:\dev\students\ch18\thomas.wilson\prog2\fieagameengine\build\bin\library.desktop\x64\release\library.desktop.lib
c:\dev\students\ch18\thomas.wilson\prog2\fieagameengine\build\obj\library.desktop\x64\release\library.desktop.tlog\cl.command.1.tlog
c:\dev\students\ch18\thomas.wilson\prog2\fieagameengine\build\obj\library.desktop\x64\release\library.desktop.tlog\cl.read.1.tlog
c:\dev\students\ch18\thomas.wilson\prog2\fieagameengine\build\obj\library.desktop\x64\release\library.desktop.tlog\cl.write.1.tlog
c:\dev\students\ch18\thomas.wilson\prog2\fieagameengine\build\obj\library.desktop\x64\release\library.desktop.tlog\lib-link.read.1.tlog
c:\dev\students\ch18\thomas.wilson\prog2\fieagameengine\build\obj\library.desktop\x64\release\library.desktop.tlog\lib-link.write.1.tlog
c:\dev\students\ch18\thomas.wilson\prog2\fieagameengine\build\obj\library.desktop\x64\release\library.desktop.tlog\lib.command.1.tlog
