c:\dev\students\ch18\thomas.wilson\prog2\fieagameengine\build\obj\library.desktop\x64\debug\library.desktop.pch
c:\dev\students\ch18\thomas.wilson\prog2\fieagameengine\build\bin\library.desktop\x64\debug\library.desktop.pdb
c:\dev\students\ch18\thomas.wilson\prog2\fieagameengine\build\bin\library.desktop\x64\debug\library.desktop.idb
c:\dev\students\ch18\thomas.wilson\prog2\fieagameengine\build\obj\library.desktop\x64\debug\pch.obj
c:\dev\students\ch18\thomas.wilson\prog2\fieagameengine\build\obj\library.desktop\x64\debug\typeregistry.obj
c:\dev\students\ch18\thomas.wilson\prog2\fieagameengine\build\obj\library.desktop\x64\debug\scope.obj
c:\dev\students\ch18\thomas.wilson\prog2\fieagameengine\build\obj\library.desktop\x64\debug\jsontableparsehelper.obj
c:\dev\students\ch18\thomas.wilson\prog2\fieagameengine\build\obj\library.desktop\x64\debug\jsonparsecoordinator.obj
c:\dev\students\ch18\thomas.wilson\prog2\fieagameengine\build\obj\library.desktop\x64\debug\ijsonparsehelper.obj
c:\dev\students\ch18\thomas.wilson\prog2\fieagameengine\build\obj\library.desktop\x64\debug\gametime.obj
c:\dev\students\ch18\thomas.wilson\prog2\fieagameengine\build\obj\library.desktop\x64\debug\gamestate.obj
c:\dev\students\ch18\thomas.wilson\prog2\fieagameengine\build\obj\library.desktop\x64\debug\gameobject.obj
c:\dev\students\ch18\thomas.wilson\prog2\fieagameengine\build\obj\library.desktop\x64\debug\gameclock.obj
c:\dev\students\ch18\thomas.wilson\prog2\fieagameengine\build\obj\library.desktop\x64\debug\eventsubscriber.obj
c:\dev\students\ch18\thomas.wilson\prog2\fieagameengine\build\obj\library.desktop\x64\debug\eventqueue.obj
c:\dev\students\ch18\thomas.wilson\prog2\fieagameengine\build\obj\library.desktop\x64\debug\eventpublisher.obj
c:\dev\students\ch18\thomas.wilson\prog2\fieagameengine\build\obj\library.desktop\x64\debug\datum.obj
c:\dev\students\ch18\thomas.wilson\prog2\fieagameengine\build\obj\library.desktop\x64\debug\attributed.obj
c:\dev\students\ch18\thomas.wilson\prog2\fieagameengine\build\obj\library.desktop\x64\debug\actionlistif.obj
c:\dev\students\ch18\thomas.wilson\prog2\fieagameengine\build\obj\library.desktop\x64\debug\actionlist.obj
c:\dev\students\ch18\thomas.wilson\prog2\fieagameengine\build\obj\library.desktop\x64\debug\actionincrement.obj
c:\dev\students\ch18\thomas.wilson\prog2\fieagameengine\build\obj\library.desktop\x64\debug\actiondestroyaction.obj
c:\dev\students\ch18\thomas.wilson\prog2\fieagameengine\build\obj\library.desktop\x64\debug\actioncreateaction.obj
c:\dev\students\ch18\thomas.wilson\prog2\fieagameengine\build\obj\library.desktop\x64\debug\action.obj
c:\dev\students\ch18\thomas.wilson\prog2\fieagameengine\build\bin\library.desktop\x64\debug\library.desktop.lib
c:\dev\students\ch18\thomas.wilson\prog2\fieagameengine\build\obj\library.desktop\x64\debug\library.desktop.tlog\cl.command.1.tlog
c:\dev\students\ch18\thomas.wilson\prog2\fieagameengine\build\obj\library.desktop\x64\debug\library.desktop.tlog\cl.read.1.tlog
c:\dev\students\ch18\thomas.wilson\prog2\fieagameengine\build\obj\library.desktop\x64\debug\library.desktop.tlog\cl.write.1.tlog
c:\dev\students\ch18\thomas.wilson\prog2\fieagameengine\build\obj\library.desktop\x64\debug\library.desktop.tlog\lib-link.read.1.tlog
c:\dev\students\ch18\thomas.wilson\prog2\fieagameengine\build\obj\library.desktop\x64\debug\library.desktop.tlog\lib-link.write.1.tlog
c:\dev\students\ch18\thomas.wilson\prog2\fieagameengine\build\obj\library.desktop\x64\debug\library.desktop.tlog\lib.command.1.tlog
